  [1m[36m (446.6ms)[0m  [1mCREATE TABLE "schema_migrations" ("version" varchar NOT NULL) [0m
  [1m[35m (0.3ms)[0m  select sqlite_version(*)
  [1m[36m (109.3ms)[0m  [1mCREATE UNIQUE INDEX "unique_schema_migrations" ON "schema_migrations" ("version")[0m
  [1m[35mActiveRecord::SchemaMigration Load (0.2ms)[0m  SELECT "schema_migrations".* FROM "schema_migrations"
Migrating to CreateUsers (20151004115649)
  [1m[36m (0.2ms)[0m  [1mbegin transaction[0m
  [1m[35m (0.9ms)[0m  CREATE TABLE "users" ("id" INTEGER PRIMARY KEY AUTOINCREMENT NOT NULL, "username" varchar, "created_at" datetime NOT NULL, "updated_at" datetime NOT NULL) 
  [1m[36mSQL (0.4ms)[0m  [1mINSERT INTO "schema_migrations" ("version") VALUES (?)[0m  [["version", "20151004115649"]]
  [1m[35m (136.7ms)[0m  commit transaction
Migrating to CreateBlogs (20151004115812)
  [1m[36m (0.2ms)[0m  [1mbegin transaction[0m
  [1m[35m (0.8ms)[0m  CREATE TABLE "blogs" ("id" INTEGER PRIMARY KEY AUTOINCREMENT NOT NULL, "user_id" integer, "title" varchar, "body" text, "created_at" datetime NOT NULL, "updated_at" datetime NOT NULL) 
  [1m[36mSQL (0.4ms)[0m  [1mINSERT INTO "schema_migrations" ("version") VALUES (?)[0m  [["version", "20151004115812"]]
  [1m[35m (127.1ms)[0m  commit transaction
  [1m[36mActiveRecord::SchemaMigration Load (0.3ms)[0m  [1mSELECT "schema_migrations".* FROM "schema_migrations"[0m
  [1m[36mActiveRecord::SchemaMigration Load (0.1ms)[0m  [1mSELECT "schema_migrations".* FROM "schema_migrations"[0m
Migrating to CreatePosts (20151004120032)
  [1m[35m (0.1ms)[0m  begin transaction
  [1m[36m (0.3ms)[0m  [1mCREATE TABLE "posts" ("id" INTEGER PRIMARY KEY AUTOINCREMENT NOT NULL, "user_id" integer, "title" varchar, "body" text, "created_at" datetime NOT NULL, "updated_at" datetime NOT NULL) [0m
  [1m[35mSQL (0.2ms)[0m  INSERT INTO "schema_migrations" ("version") VALUES (?)  [["version", "20151004120032"]]
  [1m[36m (136.8ms)[0m  [1mcommit transaction[0m
  [1m[35mActiveRecord::SchemaMigration Load (0.3ms)[0m  SELECT "schema_migrations".* FROM "schema_migrations"
  [1m[36mActiveRecord::SchemaMigration Load (0.1ms)[0m  [1mSELECT "schema_migrations".* FROM "schema_migrations"[0m
Migrating to CreateCategories (20151004124603)
  [1m[35m (0.4ms)[0m  begin transaction
  [1m[36m (0.3ms)[0m  [1mCREATE TABLE "categories" ("id" INTEGER PRIMARY KEY AUTOINCREMENT NOT NULL, "name" varchar, "created_at" datetime NOT NULL, "updated_at" datetime NOT NULL) [0m
  [1m[35mSQL (0.2ms)[0m  INSERT INTO "schema_migrations" ("version") VALUES (?)  [["version", "20151004124603"]]
  [1m[36m (381.7ms)[0m  [1mcommit transaction[0m
Migrating to CategoriesPosts (20151004124704)
  [1m[35m (0.2ms)[0m  begin transaction
  [1m[36mSQL (0.4ms)[0m  [1mINSERT INTO "schema_migrations" ("version") VALUES (?)[0m  [["version", "20151004124704"]]
  [1m[35m (129.9ms)[0m  commit transaction
  [1m[36mActiveRecord::SchemaMigration Load (0.3ms)[0m  [1mSELECT "schema_migrations".* FROM "schema_migrations"[0m
  [1m[36mActiveRecord::SchemaMigration Load (0.1ms)[0m  [1mSELECT "schema_migrations".* FROM "schema_migrations"[0m
  [1m[35mActiveRecord::SchemaMigration Load (0.1ms)[0m  SELECT "schema_migrations".* FROM "schema_migrations"
  [1m[36mActiveRecord::SchemaMigration Load (0.1ms)[0m  [1mSELECT "schema_migrations".* FROM "schema_migrations"[0m
Migrating to CategoriesPosts (20151004131127)
  [1m[35m (0.1ms)[0m  begin transaction
  [1m[36m (0.3ms)[0m  [1mCREATE TABLE "categories_posts" ("category_id" integer, "post_id" integer) [0m
  [1m[35m (0.1ms)[0m  select sqlite_version(*)
  [1m[36m (0.1ms)[0m  [1mCREATE  INDEX "index_categories_posts_on_category_id_and_post_id" ON "categories_posts" ("category_id", "post_id")[0m
  [1m[35mSQL (0.2ms)[0m  INSERT INTO "schema_migrations" ("version") VALUES (?)  [["version", "20151004131127"]]
  [1m[36m (120.2ms)[0m  [1mcommit transaction[0m
  [1m[35mActiveRecord::SchemaMigration Load (0.2ms)[0m  SELECT "schema_migrations".* FROM "schema_migrations"
  [1m[36m (0.2ms)[0m  [1m            SELECT sql
            FROM sqlite_master
            WHERE name='index_categories_posts_on_category_id_and_post_id' AND type='index'
            UNION ALL
            SELECT sql
            FROM sqlite_temp_master
            WHERE name='index_categories_posts_on_category_id_and_post_id' AND type='index'
[0m
  [1m[36mActiveRecord::SchemaMigration Load (0.1ms)[0m  [1mSELECT "schema_migrations".* FROM "schema_migrations"[0m
Migrating to DeviseCreateAdminUsers (20151005112948)
  [1m[35m (0.1ms)[0m  begin transaction
  [1m[36m (0.5ms)[0m  [1mCREATE TABLE "admin_users" ("id" INTEGER PRIMARY KEY AUTOINCREMENT NOT NULL, "email" varchar DEFAULT '' NOT NULL, "encrypted_password" varchar DEFAULT '' NOT NULL, "reset_password_token" varchar, "reset_password_sent_at" datetime, "remember_created_at" datetime, "sign_in_count" integer DEFAULT 0 NOT NULL, "current_sign_in_at" datetime, "last_sign_in_at" datetime, "current_sign_in_ip" varchar, "last_sign_in_ip" varchar, "created_at" datetime NOT NULL, "updated_at" datetime NOT NULL) [0m
  [1m[35m (0.1ms)[0m  select sqlite_version(*)
  [1m[36m (0.2ms)[0m  [1mCREATE UNIQUE INDEX "index_admin_users_on_email" ON "admin_users" ("email")[0m
  [1m[35m (0.1ms)[0m              SELECT sql
            FROM sqlite_master
            WHERE name='index_admin_users_on_email' AND type='index'
            UNION ALL
            SELECT sql
            FROM sqlite_temp_master
            WHERE name='index_admin_users_on_email' AND type='index'

  [1m[36m (0.2ms)[0m  [1mCREATE UNIQUE INDEX "index_admin_users_on_reset_password_token" ON "admin_users" ("reset_password_token")[0m
  [1m[35mAdminUser Exists (0.1ms)[0m  SELECT  1 AS one FROM "admin_users" WHERE "admin_users"."email" = 'admin@example.com' LIMIT 1
  [1m[36mSQL (0.2ms)[0m  [1mINSERT INTO "admin_users" ("email", "encrypted_password", "created_at", "updated_at") VALUES (?, ?, ?, ?)[0m  [["email", "admin@example.com"], ["encrypted_password", "$2a$10$qaZlFK8GNS6J86y6HiHTleIzC.WjTsUEG4b4RNOA4ZAEzmfjSiWMm"], ["created_at", "2015-10-05 11:30:26.598130"], ["updated_at", "2015-10-05 11:30:26.598130"]]
  [1m[35mSQL (0.2ms)[0m  INSERT INTO "schema_migrations" ("version") VALUES (?)  [["version", "20151005112948"]]
  [1m[36m (159.8ms)[0m  [1mcommit transaction[0m
Migrating to CreateActiveAdminComments (20151005112951)
  [1m[35m (0.2ms)[0m  begin transaction
DEPRECATION WARNING: `#timestamps` was called without specifying an option for `null`. In Rails 5, this behavior will change to `null: false`. You should manually specify `null: true` to prevent the behavior of your existing migrations from changing. (called from block in up at /media/mydata/projects/nested_attr/test/dummy/db/migrate/20151005112951_create_active_admin_comments.rb:9)
  [1m[36m (1.0ms)[0m  [1mCREATE TABLE "active_admin_comments" ("id" INTEGER PRIMARY KEY AUTOINCREMENT NOT NULL, "namespace" varchar, "body" text, "resource_id" varchar NOT NULL, "resource_type" varchar NOT NULL, "author_id" integer, "author_type" varchar, "created_at" datetime, "updated_at" datetime) [0m
  [1m[35m (0.5ms)[0m  CREATE  INDEX "index_active_admin_comments_on_namespace" ON "active_admin_comments" ("namespace")
  [1m[36m (0.3ms)[0m  [1m            SELECT sql
            FROM sqlite_master
            WHERE name='index_active_admin_comments_on_namespace' AND type='index'
            UNION ALL
            SELECT sql
            FROM sqlite_temp_master
            WHERE name='index_active_admin_comments_on_namespace' AND type='index'
[0m
  [1m[35m (0.4ms)[0m  CREATE  INDEX "index_active_admin_comments_on_author_type_and_author_id" ON "active_admin_comments" ("author_type", "author_id")
  [1m[36m (0.3ms)[0m  [1m            SELECT sql
            FROM sqlite_master
            WHERE name='index_active_admin_comments_on_author_type_and_author_id' AND type='index'
            UNION ALL
            SELECT sql
            FROM sqlite_temp_master
            WHERE name='index_active_admin_comments_on_author_type_and_author_id' AND type='index'
[0m
  [1m[35m (0.3ms)[0m              SELECT sql
            FROM sqlite_master
            WHERE name='index_active_admin_comments_on_namespace' AND type='index'
            UNION ALL
            SELECT sql
            FROM sqlite_temp_master
            WHERE name='index_active_admin_comments_on_namespace' AND type='index'

  [1m[36m (0.5ms)[0m  [1mCREATE  INDEX "index_active_admin_comments_on_resource_type_and_resource_id" ON "active_admin_comments" ("resource_type", "resource_id")[0m
  [1m[35mSQL (0.3ms)[0m  INSERT INTO "schema_migrations" ("version") VALUES (?)  [["version", "20151005112951"]]
  [1m[36m (131.4ms)[0m  [1mcommit transaction[0m
  [1m[35mActiveRecord::SchemaMigration Load (0.3ms)[0m  SELECT "schema_migrations".* FROM "schema_migrations"
  [1m[36m (0.4ms)[0m  [1m            SELECT sql
            FROM sqlite_master
            WHERE name='index_active_admin_comments_on_resource_type_and_resource_id' AND type='index'
            UNION ALL
            SELECT sql
            FROM sqlite_temp_master
            WHERE name='index_active_admin_comments_on_resource_type_and_resource_id' AND type='index'
[0m
  [1m[35m (0.3ms)[0m              SELECT sql
            FROM sqlite_master
            WHERE name='index_active_admin_comments_on_author_type_and_author_id' AND type='index'
            UNION ALL
            SELECT sql
            FROM sqlite_temp_master
            WHERE name='index_active_admin_comments_on_author_type_and_author_id' AND type='index'

  [1m[36m (0.3ms)[0m  [1m            SELECT sql
            FROM sqlite_master
            WHERE name='index_active_admin_comments_on_namespace' AND type='index'
            UNION ALL
            SELECT sql
            FROM sqlite_temp_master
            WHERE name='index_active_admin_comments_on_namespace' AND type='index'
[0m
  [1m[35m (0.3ms)[0m              SELECT sql
            FROM sqlite_master
            WHERE name='index_admin_users_on_reset_password_token' AND type='index'
            UNION ALL
            SELECT sql
            FROM sqlite_temp_master
            WHERE name='index_admin_users_on_reset_password_token' AND type='index'

  [1m[36m (0.2ms)[0m  [1m            SELECT sql
            FROM sqlite_master
            WHERE name='index_admin_users_on_email' AND type='index'
            UNION ALL
            SELECT sql
            FROM sqlite_temp_master
            WHERE name='index_admin_users_on_email' AND type='index'
[0m
  [1m[35m (0.3ms)[0m              SELECT sql
            FROM sqlite_master
            WHERE name='index_categories_posts_on_category_id_and_post_id' AND type='index'
            UNION ALL
            SELECT sql
            FROM sqlite_temp_master
            WHERE name='index_categories_posts_on_category_id_and_post_id' AND type='index'



Started GET "/admin" for 127.0.0.1 at 2015-10-05 17:31:44 +0600
  [1m[36mActiveRecord::SchemaMigration Load (0.1ms)[0m  [1mSELECT "schema_migrations".* FROM "schema_migrations"[0m
Processing by Admin::DashboardController#index as HTML
Completed 401 Unauthorized in 19ms (ActiveRecord: 0.0ms)


Started GET "/admin/login" for 127.0.0.1 at 2015-10-05 17:31:44 +0600
Processing by ActiveAdmin::Devise::SessionsController#new as HTML
  Rendered /home/sadaf2605/.rvm/gems/ruby-2.2.3/gems/activeadmin-1.0.0.pre1/app/views/active_admin/devise/shared/_links.erb (1.4ms)
  Rendered /home/sadaf2605/.rvm/gems/ruby-2.2.3/gems/activeadmin-1.0.0.pre1/app/views/active_admin/devise/sessions/new.html.erb within layouts/active_admin_logged_out (89.1ms)
Completed 200 OK in 4923ms (Views: 4911.7ms | ActiveRecord: 0.4ms)


Started GET "/assets/active_admin.self-999f472983173a1ceeee6ff43ae6d30000d32030880e4997c8030ccee5afaeec.css?body=1" for 127.0.0.1 at 2015-10-05 17:31:49 +0600


Started POST "/admin/login" for 127.0.0.1 at 2015-10-05 17:31:58 +0600
Processing by ActiveAdmin::Devise::SessionsController#create as HTML
  Parameters: {"utf8"=>"✓", "authenticity_token"=>"zYs+46OR+fKSIJNgONXN1UtnuTikOf/2AvIgzoo0zaSSj1Jec6BVVSI6ctDni9wbxIjhhCQvAhLLXJyazXnVFg==", "admin_user"=>{"email"=>"admin@example.com", "password"=>"[FILTERED]", "remember_me"=>"0"}, "commit"=>"Login"}
  [1m[35mAdminUser Load (0.3ms)[0m  SELECT  "admin_users".* FROM "admin_users" WHERE "admin_users"."email" = ?  ORDER BY "admin_users"."id" ASC LIMIT 1  [["email", "admin@example.com"]]
  [1m[36m (0.1ms)[0m  [1mbegin transaction[0m
  [1m[35mSQL (0.4ms)[0m  UPDATE "admin_users" SET "last_sign_in_at" = ?, "current_sign_in_at" = ?, "last_sign_in_ip" = ?, "current_sign_in_ip" = ?, "sign_in_count" = ?, "updated_at" = ? WHERE "admin_users"."id" = ?  [["last_sign_in_at", "2015-10-05 11:31:58.916912"], ["current_sign_in_at", "2015-10-05 11:31:58.916912"], ["last_sign_in_ip", "127.0.0.1"], ["current_sign_in_ip", "127.0.0.1"], ["sign_in_count", 1], ["updated_at", "2015-10-05 11:31:58.918023"], ["id", 1]]
  [1m[36m (166.0ms)[0m  [1mcommit transaction[0m
Redirected to http://127.0.0.1:3000/admin
Completed 302 Found in 423ms (ActiveRecord: 166.7ms)


Started GET "/admin" for 127.0.0.1 at 2015-10-05 17:31:59 +0600
Processing by Admin::DashboardController#index as HTML
  [1m[35mAdminUser Load (0.4ms)[0m  SELECT  "admin_users".* FROM "admin_users" WHERE "admin_users"."id" = ?  ORDER BY "admin_users"."id" ASC LIMIT 1  [["id", 1]]
  Rendered /home/sadaf2605/.rvm/gems/ruby-2.2.3/gems/activeadmin-1.0.0.pre1/app/views/active_admin/page/index.html.arb (237.7ms)
Completed 200 OK in 270ms (Views: 244.1ms | ActiveRecord: 0.4ms)


Started GET "/admin/posts" for 127.0.0.1 at 2015-10-05 17:32:02 +0600
Processing by Admin::PostsController#index as HTML
  [1m[36mAdminUser Load (0.2ms)[0m  [1mSELECT  "admin_users".* FROM "admin_users" WHERE "admin_users"."id" = ?  ORDER BY "admin_users"."id" ASC LIMIT 1[0m  [["id", 1]]
  [1m[35m (0.2ms)[0m  SELECT COUNT(count_column) FROM (SELECT  1 AS count_column FROM "posts" LIMIT 30 OFFSET 0) subquery_for_count
  [1m[36mUser Load (0.2ms)[0m  [1mSELECT "users".* FROM "users"[0m
  [1m[35mCategory Load (0.2ms)[0m  SELECT "categories".* FROM "categories"
  Rendered /home/sadaf2605/.rvm/gems/ruby-2.2.3/gems/activeadmin-1.0.0.pre1/app/views/active_admin/resource/index.html.arb (365.8ms)
Completed 200 OK in 405ms (Views: 379.9ms | ActiveRecord: 1.6ms)


Started GET "/admin/posts/new" for 127.0.0.1 at 2015-10-05 17:32:05 +0600
Processing by Admin::PostsController#new as HTML
  [1m[36mAdminUser Load (0.2ms)[0m  [1mSELECT  "admin_users".* FROM "admin_users" WHERE "admin_users"."id" = ?  ORDER BY "admin_users"."id" ASC LIMIT 1[0m  [["id", 1]]
  [1m[35mUser Load (0.2ms)[0m  SELECT "users".* FROM "users"
  Rendered /home/sadaf2605/.rvm/gems/ruby-2.2.3/gems/activeadmin-1.0.0.pre1/app/views/active_admin/resource/new.html.arb (313.8ms)
Completed 200 OK in 341ms (Views: 331.6ms | ActiveRecord: 0.4ms)


Started GET "/admin/posts" for 127.0.0.1 at 2015-10-05 17:36:25 +0600
Processing by Admin::PostsController#index as HTML
  [1m[36mAdminUser Load (0.1ms)[0m  [1mSELECT  "admin_users".* FROM "admin_users" WHERE "admin_users"."id" = ?  ORDER BY "admin_users"."id" ASC LIMIT 1[0m  [["id", 1]]
  [1m[35m (0.2ms)[0m  SELECT COUNT(count_column) FROM (SELECT  1 AS count_column FROM "posts" LIMIT 30 OFFSET 0) subquery_for_count
  [1m[36mUser Load (0.2ms)[0m  [1mSELECT "users".* FROM "users"[0m
  [1m[35mCategory Load (0.2ms)[0m  SELECT "categories".* FROM "categories"
  Rendered /home/sadaf2605/.rvm/gems/ruby-2.2.3/gems/activeadmin-1.0.0.pre1/app/views/active_admin/resource/index.html.arb (206.5ms)
Completed 200 OK in 225ms (Views: 207.9ms | ActiveRecord: 1.7ms)


Started GET "/admin/posts/new" for 127.0.0.1 at 2015-10-05 17:36:27 +0600
Processing by Admin::PostsController#new as HTML
  [1m[36mAdminUser Load (0.3ms)[0m  [1mSELECT  "admin_users".* FROM "admin_users" WHERE "admin_users"."id" = ?  ORDER BY "admin_users"."id" ASC LIMIT 1[0m  [["id", 1]]
  Rendered /home/sadaf2605/.rvm/gems/ruby-2.2.3/gems/activeadmin-1.0.0.pre1/app/views/active_admin/resource/new.html.arb (202.6ms)
Completed 500 Internal Server Error in 214ms (ActiveRecord: 0.3ms)

ActionView::Template::Error (undefined method `new_record?' for nil:NilClass):
    1: insert_tag renderer_for(:new)
  app/admin/post.rb:20:in `block (3 levels) in <top (required)>'
  app/admin/post.rb:19:in `block (2 levels) in <top (required)>'


  Rendered /home/sadaf2605/.rvm/gems/ruby-2.2.3/gems/actionpack-4.2.4/lib/action_dispatch/middleware/templates/rescues/_source.erb (22.5ms)
  Rendered /home/sadaf2605/.rvm/gems/ruby-2.2.3/gems/actionpack-4.2.4/lib/action_dispatch/middleware/templates/rescues/_trace.html.erb (8.3ms)
  Rendered /home/sadaf2605/.rvm/gems/ruby-2.2.3/gems/actionpack-4.2.4/lib/action_dispatch/middleware/templates/rescues/_request_and_response.html.erb (1.6ms)
  Rendered /home/sadaf2605/.rvm/gems/ruby-2.2.3/gems/actionpack-4.2.4/lib/action_dispatch/middleware/templates/rescues/template_error.html.erb within rescues/layout (54.9ms)


Started GET "/admin/posts/new" for 127.0.0.1 at 2015-10-05 17:42:59 +0600
Processing by Admin::PostsController#new as HTML
  [1m[35mAdminUser Load (0.3ms)[0m  SELECT  "admin_users".* FROM "admin_users" WHERE "admin_users"."id" = ?  ORDER BY "admin_users"."id" ASC LIMIT 1  [["id", 1]]
  Rendered /home/sadaf2605/.rvm/gems/ruby-2.2.3/gems/activeadmin-1.0.0.pre1/app/views/active_admin/resource/new.html.arb (193.1ms)
Completed 500 Internal Server Error in 223ms (ActiveRecord: 1.6ms)

ActionView::Template::Error (undefined method `new_record?' for nil:NilClass):
    1: insert_tag renderer_for(:new)
  app/admin/post.rb:20:in `block (3 levels) in <top (required)>'
  app/admin/post.rb:19:in `block (2 levels) in <top (required)>'


  Rendered /home/sadaf2605/.rvm/gems/ruby-2.2.3/gems/actionpack-4.2.4/lib/action_dispatch/middleware/templates/rescues/_source.erb (13.4ms)
  Rendered /home/sadaf2605/.rvm/gems/ruby-2.2.3/gems/actionpack-4.2.4/lib/action_dispatch/middleware/templates/rescues/_trace.html.erb (4.6ms)
  Rendered /home/sadaf2605/.rvm/gems/ruby-2.2.3/gems/actionpack-4.2.4/lib/action_dispatch/middleware/templates/rescues/_request_and_response.html.erb (1.5ms)
  Rendered /home/sadaf2605/.rvm/gems/ruby-2.2.3/gems/actionpack-4.2.4/lib/action_dispatch/middleware/templates/rescues/template_error.html.erb within rescues/layout (32.4ms)


Started GET "/admin/posts/new" for 127.0.0.1 at 2015-10-05 17:45:30 +0600
Processing by Admin::PostsController#new as HTML
  [1m[36mAdminUser Load (0.2ms)[0m  [1mSELECT  "admin_users".* FROM "admin_users" WHERE "admin_users"."id" = ?  ORDER BY "admin_users"."id" ASC LIMIT 1[0m  [["id", 1]]
  Rendered /home/sadaf2605/.rvm/gems/ruby-2.2.3/gems/activeadmin-1.0.0.pre1/app/views/active_admin/resource/new.html.arb (205.7ms)
Completed 500 Internal Server Error in 230ms (ActiveRecord: 1.3ms)

ActionView::Template::Error (undefined method `new_record?' for nil:NilClass):
    1: insert_tag renderer_for(:new)
  app/admin/post.rb:20:in `block (3 levels) in <top (required)>'
  app/admin/post.rb:19:in `block (2 levels) in <top (required)>'


  Rendered /home/sadaf2605/.rvm/gems/ruby-2.2.3/gems/actionpack-4.2.4/lib/action_dispatch/middleware/templates/rescues/_source.erb (13.6ms)
  Rendered /home/sadaf2605/.rvm/gems/ruby-2.2.3/gems/actionpack-4.2.4/lib/action_dispatch/middleware/templates/rescues/_trace.html.erb (4.6ms)
  Rendered /home/sadaf2605/.rvm/gems/ruby-2.2.3/gems/actionpack-4.2.4/lib/action_dispatch/middleware/templates/rescues/_request_and_response.html.erb (1.9ms)
  Rendered /home/sadaf2605/.rvm/gems/ruby-2.2.3/gems/actionpack-4.2.4/lib/action_dispatch/middleware/templates/rescues/template_error.html.erb within rescues/layout (32.8ms)


Started GET "/admin/posts/new" for 127.0.0.1 at 2015-10-05 17:46:39 +0600
Processing by Admin::PostsController#new as HTML
  [1m[35mAdminUser Load (0.1ms)[0m  SELECT  "admin_users".* FROM "admin_users" WHERE "admin_users"."id" = ?  ORDER BY "admin_users"."id" ASC LIMIT 1  [["id", 1]]
  Rendered /home/sadaf2605/.rvm/gems/ruby-2.2.3/gems/activeadmin-1.0.0.pre1/app/views/active_admin/resource/new.html.arb (233.0ms)
Completed 200 OK in 254ms (Views: 234.9ms | ActiveRecord: 1.3ms)


Started POST "/admin/posts" for 127.0.0.1 at 2015-10-05 17:56:05 +0600
Processing by Admin::PostsController#create as HTML
  Parameters: {"utf8"=>"✓", "authenticity_token"=>"M+xCzxrmIVOPAfmh+48ILIaCn2Dg+i1hOOakAtY+MF7LorL/nnWCbHYsv7RoE3P/pK9a9HT4Xuazq5B878ErdQ==", "post"=>{"title"=>"sssa", "body"=>"asas", "categories_attributes"=>{"0"=>{"name"=>"sds"}}}, "commit"=>"Create Post"}
  [1m[36mAdminUser Load (0.2ms)[0m  [1mSELECT  "admin_users".* FROM "admin_users" WHERE "admin_users"."id" = ?  ORDER BY "admin_users"."id" ASC LIMIT 1[0m  [["id", 1]]
Completed 500 Internal Server Error in 5ms (ActiveRecord: 0.2ms)

ActiveModel::ForbiddenAttributesError (ActiveModel::ForbiddenAttributesError):
  activemodel (4.2.4) lib/active_model/forbidden_attributes_protection.rb:21:in `sanitize_for_mass_assignment'
  activerecord (4.2.4) lib/active_record/attribute_assignment.rb:33:in `assign_attributes'
  activerecord (4.2.4) lib/active_record/core.rb:564:in `init_attributes'
  activerecord (4.2.4) lib/active_record/core.rb:281:in `initialize'
  activerecord (4.2.4) lib/active_record/inheritance.rb:61:in `new'
  activerecord (4.2.4) lib/active_record/inheritance.rb:61:in `new'
  activeadmin (1.0.0.pre1) lib/active_admin/resource_controller/data_access.rb:138:in `build_new_resource'
  activeadmin (1.0.0.pre1) lib/active_admin/resource_controller/data_access.rb:121:in `build_resource'
  inherited_resources (1.6.0) lib/inherited_resources/actions.rb:31:in `create'
  actionpack (4.2.4) lib/action_controller/metal/implicit_render.rb:4:in `send_action'
  actionpack (4.2.4) lib/abstract_controller/base.rb:198:in `process_action'
  actionpack (4.2.4) lib/action_controller/metal/rendering.rb:10:in `process_action'
  actionpack (4.2.4) lib/abstract_controller/callbacks.rb:20:in `block in process_action'
  activesupport (4.2.4) lib/active_support/callbacks.rb:117:in `call'
  activesupport (4.2.4) lib/active_support/callbacks.rb:117:in `call'
  activesupport (4.2.4) lib/active_support/callbacks.rb:555:in `block (2 levels) in compile'
  activesupport (4.2.4) lib/active_support/callbacks.rb:505:in `call'
  activesupport (4.2.4) lib/active_support/callbacks.rb:505:in `call'
  activesupport (4.2.4) lib/active_support/callbacks.rb:92:in `__run_callbacks__'
  activesupport (4.2.4) lib/active_support/callbacks.rb:778:in `_run_process_action_callbacks'
  activesupport (4.2.4) lib/active_support/callbacks.rb:81:in `run_callbacks'
  actionpack (4.2.4) lib/abstract_controller/callbacks.rb:19:in `process_action'
  actionpack (4.2.4) lib/action_controller/metal/rescue.rb:29:in `process_action'
  actionpack (4.2.4) lib/action_controller/metal/instrumentation.rb:32:in `block in process_action'
  activesupport (4.2.4) lib/active_support/notifications.rb:164:in `block in instrument'
  activesupport (4.2.4) lib/active_support/notifications/instrumenter.rb:20:in `instrument'
  activesupport (4.2.4) lib/active_support/notifications.rb:164:in `instrument'
  actionpack (4.2.4) lib/action_controller/metal/instrumentation.rb:30:in `process_action'
  actionpack (4.2.4) lib/action_controller/metal/params_wrapper.rb:250:in `process_action'
  activerecord (4.2.4) lib/active_record/railties/controller_runtime.rb:18:in `process_action'
  actionpack (4.2.4) lib/abstract_controller/base.rb:137:in `process'
  actionview (4.2.4) lib/action_view/rendering.rb:30:in `process'
  actionpack (4.2.4) lib/action_controller/metal.rb:196:in `dispatch'
  actionpack (4.2.4) lib/action_controller/metal/rack_delegation.rb:13:in `dispatch'
  actionpack (4.2.4) lib/action_controller/metal.rb:237:in `block in action'
  actionpack (4.2.4) lib/action_dispatch/routing/route_set.rb:76:in `call'
  actionpack (4.2.4) lib/action_dispatch/routing/route_set.rb:76:in `dispatch'
  actionpack (4.2.4) lib/action_dispatch/routing/route_set.rb:45:in `serve'
  actionpack (4.2.4) lib/action_dispatch/journey/router.rb:43:in `block in serve'
  actionpack (4.2.4) lib/action_dispatch/journey/router.rb:30:in `each'
  actionpack (4.2.4) lib/action_dispatch/journey/router.rb:30:in `serve'
  actionpack (4.2.4) lib/action_dispatch/routing/route_set.rb:821:in `call'
  warden (1.2.3) lib/warden/manager.rb:35:in `block in call'
  warden (1.2.3) lib/warden/manager.rb:34:in `catch'
  warden (1.2.3) lib/warden/manager.rb:34:in `call'
  rack (1.6.4) lib/rack/etag.rb:24:in `call'
  rack (1.6.4) lib/rack/conditionalget.rb:38:in `call'
  rack (1.6.4) lib/rack/head.rb:13:in `call'
  actionpack (4.2.4) lib/action_dispatch/middleware/params_parser.rb:27:in `call'
  actionpack (4.2.4) lib/action_dispatch/middleware/flash.rb:260:in `call'
  rack (1.6.4) lib/rack/session/abstract/id.rb:225:in `context'
  rack (1.6.4) lib/rack/session/abstract/id.rb:220:in `call'
  actionpack (4.2.4) lib/action_dispatch/middleware/cookies.rb:560:in `call'
  activerecord (4.2.4) lib/active_record/query_cache.rb:36:in `call'
  activerecord (4.2.4) lib/active_record/connection_adapters/abstract/connection_pool.rb:653:in `call'
  activerecord (4.2.4) lib/active_record/migration.rb:377:in `call'
  actionpack (4.2.4) lib/action_dispatch/middleware/callbacks.rb:29:in `block in call'
  activesupport (4.2.4) lib/active_support/callbacks.rb:88:in `__run_callbacks__'
  activesupport (4.2.4) lib/active_support/callbacks.rb:778:in `_run_call_callbacks'
  activesupport (4.2.4) lib/active_support/callbacks.rb:81:in `run_callbacks'
  actionpack (4.2.4) lib/action_dispatch/middleware/callbacks.rb:27:in `call'
  actionpack (4.2.4) lib/action_dispatch/middleware/reloader.rb:73:in `call'
  actionpack (4.2.4) lib/action_dispatch/middleware/remote_ip.rb:78:in `call'
  actionpack (4.2.4) lib/action_dispatch/middleware/debug_exceptions.rb:17:in `call'
  actionpack (4.2.4) lib/action_dispatch/middleware/show_exceptions.rb:30:in `call'
  railties (4.2.4) lib/rails/rack/logger.rb:38:in `call_app'
  railties (4.2.4) lib/rails/rack/logger.rb:20:in `block in call'
  activesupport (4.2.4) lib/active_support/tagged_logging.rb:68:in `block in tagged'
  activesupport (4.2.4) lib/active_support/tagged_logging.rb:26:in `tagged'
  activesupport (4.2.4) lib/active_support/tagged_logging.rb:68:in `tagged'
  railties (4.2.4) lib/rails/rack/logger.rb:20:in `call'
  actionpack (4.2.4) lib/action_dispatch/middleware/request_id.rb:21:in `call'
  rack (1.6.4) lib/rack/methodoverride.rb:22:in `call'
  rack (1.6.4) lib/rack/runtime.rb:18:in `call'
  activesupport (4.2.4) lib/active_support/cache/strategy/local_cache_middleware.rb:28:in `call'
  rack (1.6.4) lib/rack/lock.rb:17:in `call'
  actionpack (4.2.4) lib/action_dispatch/middleware/static.rb:116:in `call'
  rack (1.6.4) lib/rack/sendfile.rb:113:in `call'
  railties (4.2.4) lib/rails/engine.rb:518:in `call'
  railties (4.2.4) lib/rails/application.rb:165:in `call'
  rack (1.6.4) lib/rack/lock.rb:17:in `call'
  rack (1.6.4) lib/rack/content_length.rb:15:in `call'
  rack (1.6.4) lib/rack/handler/webrick.rb:88:in `service'
  /home/sadaf2605/.rvm/rubies/ruby-2.2.3/lib/ruby/2.2.0/webrick/httpserver.rb:138:in `service'
  /home/sadaf2605/.rvm/rubies/ruby-2.2.3/lib/ruby/2.2.0/webrick/httpserver.rb:94:in `run'
  /home/sadaf2605/.rvm/rubies/ruby-2.2.3/lib/ruby/2.2.0/webrick/server.rb:294:in `block in start_thread'


  Rendered /home/sadaf2605/.rvm/gems/ruby-2.2.3/gems/actionpack-4.2.4/lib/action_dispatch/middleware/templates/rescues/_source.erb (9.0ms)
  Rendered /home/sadaf2605/.rvm/gems/ruby-2.2.3/gems/actionpack-4.2.4/lib/action_dispatch/middleware/templates/rescues/_trace.html.erb (3.4ms)
  Rendered /home/sadaf2605/.rvm/gems/ruby-2.2.3/gems/actionpack-4.2.4/lib/action_dispatch/middleware/templates/rescues/_request_and_response.html.erb (1.8ms)
  Rendered /home/sadaf2605/.rvm/gems/ruby-2.2.3/gems/actionpack-4.2.4/lib/action_dispatch/middleware/templates/rescues/diagnostics.html.erb within rescues/layout (32.9ms)


Started POST "/admin/posts" for 127.0.0.1 at 2015-10-05 17:58:41 +0600
Processing by Admin::PostsController#create as HTML
  Parameters: {"utf8"=>"✓", "authenticity_token"=>"M+xCzxrmIVOPAfmh+48ILIaCn2Dg+i1hOOakAtY+MF7LorL/nnWCbHYsv7RoE3P/pK9a9HT4Xuazq5B878ErdQ==", "post"=>{"title"=>"sssa", "body"=>"asas", "categories_attributes"=>{"0"=>{"name"=>"sds"}}}, "commit"=>"Create Post"}
  [1m[35mAdminUser Load (0.2ms)[0m  SELECT  "admin_users".* FROM "admin_users" WHERE "admin_users"."id" = ?  ORDER BY "admin_users"."id" ASC LIMIT 1  [["id", 1]]
Unpermitted parameters: title, body, categories_attributes
  [1m[36m (0.1ms)[0m  [1mbegin transaction[0m
  [1m[35mSQL (0.2ms)[0m  INSERT INTO "posts" ("created_at", "updated_at") VALUES (?, ?)  [["created_at", "2015-10-05 11:58:41.241476"], ["updated_at", "2015-10-05 11:58:41.241476"]]
  [1m[36m (108.3ms)[0m  [1mcommit transaction[0m
Redirected to http://127.0.0.1:3000/admin/posts/1
Completed 302 Found in 163ms (ActiveRecord: 109.9ms)


Started GET "/admin/posts/1" for 127.0.0.1 at 2015-10-05 17:58:41 +0600
Processing by Admin::PostsController#show as HTML
  Parameters: {"id"=>"1"}
  [1m[35mAdminUser Load (0.1ms)[0m  SELECT  "admin_users".* FROM "admin_users" WHERE "admin_users"."id" = ?  ORDER BY "admin_users"."id" ASC LIMIT 1  [["id", 1]]
  [1m[36mPost Load (0.2ms)[0m  [1mSELECT  "posts".* FROM "posts" WHERE "posts"."id" = ? LIMIT 1[0m  [["id", 1]]
  [1m[35m (0.2ms)[0m  SELECT COUNT(*) FROM "active_admin_comments" WHERE "active_admin_comments"."resource_type" = ? AND "active_admin_comments"."resource_id" = ? AND "active_admin_comments"."namespace" = ?  [["resource_type", "Post"], ["resource_id", "1"], ["namespace", "admin"]]
  [1m[36mCACHE (0.0ms)[0m  [1mSELECT COUNT(*) FROM "active_admin_comments" WHERE "active_admin_comments"."resource_type" = ? AND "active_admin_comments"."resource_id" = ? AND "active_admin_comments"."namespace" = ?[0m  [["resource_type", "Post"], ["resource_id", "1"], ["namespace", "admin"]]
  Rendered /home/sadaf2605/.rvm/gems/ruby-2.2.3/gems/activeadmin-1.0.0.pre1/app/views/active_admin/resource/show.html.arb (272.0ms)
Completed 200 OK in 318ms (Views: 293.4ms | ActiveRecord: 0.9ms)


Started POST "/admin/posts" for 127.0.0.1 at 2015-10-05 19:20:09 +0600
Processing by Admin::PostsController#create as HTML
  Parameters: {"utf8"=>"✓", "authenticity_token"=>"M+xCzxrmIVOPAfmh+48ILIaCn2Dg+i1hOOakAtY+MF7LorL/nnWCbHYsv7RoE3P/pK9a9HT4Xuazq5B878ErdQ==", "post"=>{"title"=>"sssa", "body"=>"asas", "categories_attributes"=>{"0"=>{"name"=>"sa"}}}, "commit"=>"Create Post"}
  [1m[35mAdminUser Load (0.2ms)[0m  SELECT  "admin_users".* FROM "admin_users" WHERE "admin_users"."id" = ?  ORDER BY "admin_users"."id" ASC LIMIT 1  [["id", 1]]
Unpermitted parameters: title, body, categories_attributes
  [1m[36m (0.1ms)[0m  [1mbegin transaction[0m
  [1m[35mSQL (0.2ms)[0m  INSERT INTO "posts" ("created_at", "updated_at") VALUES (?, ?)  [["created_at", "2015-10-05 13:20:09.961534"], ["updated_at", "2015-10-05 13:20:09.961534"]]
  [1m[36m (128.4ms)[0m  [1mcommit transaction[0m
Redirected to http://127.0.0.1:3000/admin/posts/2
Completed 302 Found in 159ms (ActiveRecord: 129.9ms)


Started GET "/admin/posts/2" for 127.0.0.1 at 2015-10-05 19:20:10 +0600
Processing by Admin::PostsController#show as HTML
  Parameters: {"id"=>"2"}
  [1m[35mAdminUser Load (0.1ms)[0m  SELECT  "admin_users".* FROM "admin_users" WHERE "admin_users"."id" = ?  ORDER BY "admin_users"."id" ASC LIMIT 1  [["id", 1]]
  [1m[36mPost Load (0.2ms)[0m  [1mSELECT  "posts".* FROM "posts" WHERE "posts"."id" = ? LIMIT 1[0m  [["id", 2]]
  [1m[35m (0.2ms)[0m  SELECT COUNT(*) FROM "active_admin_comments" WHERE "active_admin_comments"."resource_type" = ? AND "active_admin_comments"."resource_id" = ? AND "active_admin_comments"."namespace" = ?  [["resource_type", "Post"], ["resource_id", "2"], ["namespace", "admin"]]
  [1m[36mCACHE (0.0ms)[0m  [1mSELECT COUNT(*) FROM "active_admin_comments" WHERE "active_admin_comments"."resource_type" = ? AND "active_admin_comments"."resource_id" = ? AND "active_admin_comments"."namespace" = ?[0m  [["resource_type", "Post"], ["resource_id", "2"], ["namespace", "admin"]]
  Rendered /home/sadaf2605/.rvm/gems/ruby-2.2.3/gems/activeadmin-1.0.0.pre1/app/views/active_admin/resource/show.html.arb (203.9ms)
Completed 200 OK in 210ms (Views: 206.1ms | ActiveRecord: 0.6ms)


Started GET "/admin/posts/2" for 127.0.0.1 at 2015-10-05 19:26:42 +0600
Processing by Admin::PostsController#show as HTML
  Parameters: {"id"=>"2"}
  [1m[35mAdminUser Load (0.2ms)[0m  SELECT  "admin_users".* FROM "admin_users" WHERE "admin_users"."id" = ?  ORDER BY "admin_users"."id" ASC LIMIT 1  [["id", 1]]
  [1m[36mPost Load (0.1ms)[0m  [1mSELECT  "posts".* FROM "posts" WHERE "posts"."id" = ? LIMIT 1[0m  [["id", 2]]
  [1m[35m (0.2ms)[0m  SELECT COUNT(*) FROM "active_admin_comments" WHERE "active_admin_comments"."resource_type" = ? AND "active_admin_comments"."resource_id" = ? AND "active_admin_comments"."namespace" = ?  [["resource_type", "Post"], ["resource_id", "2"], ["namespace", "admin"]]
  [1m[36mCACHE (0.0ms)[0m  [1mSELECT COUNT(*) FROM "active_admin_comments" WHERE "active_admin_comments"."resource_type" = ? AND "active_admin_comments"."resource_id" = ? AND "active_admin_comments"."namespace" = ?[0m  [["resource_type", "Post"], ["resource_id", "2"], ["namespace", "admin"]]
  Rendered /home/sadaf2605/.rvm/gems/ruby-2.2.3/gems/activeadmin-1.0.0.pre1/app/views/active_admin/resource/show.html.arb (196.9ms)
Completed 200 OK in 221ms (Views: 199.0ms | ActiveRecord: 1.5ms)


Started GET "/admin/posts/2/edit" for 127.0.0.1 at 2015-10-05 19:26:44 +0600
Processing by Admin::PostsController#edit as HTML
  Parameters: {"id"=>"2"}
  [1m[35mAdminUser Load (0.1ms)[0m  SELECT  "admin_users".* FROM "admin_users" WHERE "admin_users"."id" = ?  ORDER BY "admin_users"."id" ASC LIMIT 1  [["id", 1]]
  [1m[36mPost Load (0.1ms)[0m  [1mSELECT  "posts".* FROM "posts" WHERE "posts"."id" = ? LIMIT 1[0m  [["id", 2]]
  [1m[35mCACHE (0.0ms)[0m  SELECT  "posts".* FROM "posts" WHERE "posts"."id" = ? LIMIT 1  [["id", "2"]]
  [1m[36mCategory Load (0.1ms)[0m  [1mSELECT "categories".* FROM "categories"[0m
  [1m[35m (0.2ms)[0m  SELECT "categories".id FROM "categories" INNER JOIN "categories_posts" ON "categories"."id" = "categories_posts"."category_id" WHERE "categories_posts"."post_id" = ?  [["post_id", 2]]
  [1m[36mCACHE (0.0ms)[0m  [1mSELECT "categories".id FROM "categories" INNER JOIN "categories_posts" ON "categories"."id" = "categories_posts"."category_id" WHERE "categories_posts"."post_id" = ?[0m  [["post_id", 2]]
  [1m[35mCategory Load (0.2ms)[0m  SELECT "categories".* FROM "categories" INNER JOIN "categories_posts" ON "categories"."id" = "categories_posts"."category_id" WHERE "categories_posts"."post_id" = ?  [["post_id", 2]]
  Rendered /home/sadaf2605/.rvm/gems/ruby-2.2.3/gems/activeadmin-1.0.0.pre1/app/views/active_admin/resource/edit.html.arb (211.4ms)
Completed 200 OK in 227ms (Views: 223.7ms | ActiveRecord: 1.1ms)


Started GET "/admin/posts/2/edit" for 127.0.0.1 at 2015-10-05 19:28:27 +0600
  [1m[36mActiveRecord::SchemaMigration Load (0.1ms)[0m  [1mSELECT "schema_migrations".* FROM "schema_migrations"[0m

ActiveRecord::PendingMigrationError (

Migrations are pending. To resolve this issue, run:

	bin/rake db:migrate RAILS_ENV=development

):
  activerecord (4.2.4) lib/active_record/migration.rb:392:in `check_pending!'
  activerecord (4.2.4) lib/active_record/migration.rb:373:in `call'
  actionpack (4.2.4) lib/action_dispatch/middleware/callbacks.rb:29:in `block in call'
  activesupport (4.2.4) lib/active_support/callbacks.rb:88:in `__run_callbacks__'
  activesupport (4.2.4) lib/active_support/callbacks.rb:778:in `_run_call_callbacks'
  activesupport (4.2.4) lib/active_support/callbacks.rb:81:in `run_callbacks'
  actionpack (4.2.4) lib/action_dispatch/middleware/callbacks.rb:27:in `call'
  actionpack (4.2.4) lib/action_dispatch/middleware/reloader.rb:73:in `call'
  actionpack (4.2.4) lib/action_dispatch/middleware/remote_ip.rb:78:in `call'
  actionpack (4.2.4) lib/action_dispatch/middleware/debug_exceptions.rb:17:in `call'
  actionpack (4.2.4) lib/action_dispatch/middleware/show_exceptions.rb:30:in `call'
  railties (4.2.4) lib/rails/rack/logger.rb:38:in `call_app'
  railties (4.2.4) lib/rails/rack/logger.rb:20:in `block in call'
  activesupport (4.2.4) lib/active_support/tagged_logging.rb:68:in `block in tagged'
  activesupport (4.2.4) lib/active_support/tagged_logging.rb:26:in `tagged'
  activesupport (4.2.4) lib/active_support/tagged_logging.rb:68:in `tagged'
  railties (4.2.4) lib/rails/rack/logger.rb:20:in `call'
  actionpack (4.2.4) lib/action_dispatch/middleware/request_id.rb:21:in `call'
  rack (1.6.4) lib/rack/methodoverride.rb:22:in `call'
  rack (1.6.4) lib/rack/runtime.rb:18:in `call'
  activesupport (4.2.4) lib/active_support/cache/strategy/local_cache_middleware.rb:28:in `call'
  rack (1.6.4) lib/rack/lock.rb:17:in `call'
  actionpack (4.2.4) lib/action_dispatch/middleware/static.rb:116:in `call'
  rack (1.6.4) lib/rack/sendfile.rb:113:in `call'
  railties (4.2.4) lib/rails/engine.rb:518:in `call'
  railties (4.2.4) lib/rails/application.rb:165:in `call'
  rack (1.6.4) lib/rack/lock.rb:17:in `call'
  rack (1.6.4) lib/rack/content_length.rb:15:in `call'
  rack (1.6.4) lib/rack/handler/webrick.rb:88:in `service'
  /home/sadaf2605/.rvm/rubies/ruby-2.2.3/lib/ruby/2.2.0/webrick/httpserver.rb:138:in `service'
  /home/sadaf2605/.rvm/rubies/ruby-2.2.3/lib/ruby/2.2.0/webrick/httpserver.rb:94:in `run'
  /home/sadaf2605/.rvm/rubies/ruby-2.2.3/lib/ruby/2.2.0/webrick/server.rb:294:in `block in start_thread'


  Rendered /home/sadaf2605/.rvm/gems/ruby-2.2.3/gems/actionpack-4.2.4/lib/action_dispatch/middleware/templates/rescues/_source.erb (2.2ms)
  Rendered /home/sadaf2605/.rvm/gems/ruby-2.2.3/gems/actionpack-4.2.4/lib/action_dispatch/middleware/templates/rescues/_trace.html.erb (1.4ms)
  Rendered /home/sadaf2605/.rvm/gems/ruby-2.2.3/gems/actionpack-4.2.4/lib/action_dispatch/middleware/templates/rescues/_request_and_response.html.erb (0.7ms)
  Rendered /home/sadaf2605/.rvm/gems/ruby-2.2.3/gems/actionpack-4.2.4/lib/action_dispatch/middleware/templates/rescues/diagnostics.html.erb within rescues/layout (16.2ms)
  [1m[36mActiveRecord::SchemaMigration Load (0.1ms)[0m  [1mSELECT "schema_migrations".* FROM "schema_migrations"[0m
Migrating to CreateTags (20151005132734)
  [1m[35m (0.1ms)[0m  begin transaction
  [1m[36m (0.3ms)[0m  [1mCREATE TABLE "tags" ("id" INTEGER PRIMARY KEY AUTOINCREMENT NOT NULL, "name" varchar, "created_at" datetime NOT NULL, "updated_at" datetime NOT NULL) [0m
  [1m[35mSQL (0.2ms)[0m  INSERT INTO "schema_migrations" ("version") VALUES (?)  [["version", "20151005132734"]]
  [1m[36m (143.2ms)[0m  [1mcommit transaction[0m
  [1m[35mActiveRecord::SchemaMigration Load (0.1ms)[0m  SELECT "schema_migrations".* FROM "schema_migrations"
  [1m[36m (0.3ms)[0m  [1m            SELECT sql
            FROM sqlite_master
            WHERE name='index_active_admin_comments_on_resource_type_and_resource_id' AND type='index'
            UNION ALL
            SELECT sql
            FROM sqlite_temp_master
            WHERE name='index_active_admin_comments_on_resource_type_and_resource_id' AND type='index'
[0m
  [1m[35m (0.2ms)[0m              SELECT sql
            FROM sqlite_master
            WHERE name='index_active_admin_comments_on_author_type_and_author_id' AND type='index'
            UNION ALL
            SELECT sql
            FROM sqlite_temp_master
            WHERE name='index_active_admin_comments_on_author_type_and_author_id' AND type='index'

  [1m[36m (0.2ms)[0m  [1m            SELECT sql
            FROM sqlite_master
            WHERE name='index_active_admin_comments_on_namespace' AND type='index'
            UNION ALL
            SELECT sql
            FROM sqlite_temp_master
            WHERE name='index_active_admin_comments_on_namespace' AND type='index'
[0m
  [1m[35m (0.2ms)[0m              SELECT sql
            FROM sqlite_master
            WHERE name='index_admin_users_on_reset_password_token' AND type='index'
            UNION ALL
            SELECT sql
            FROM sqlite_temp_master
            WHERE name='index_admin_users_on_reset_password_token' AND type='index'

  [1m[36m (0.2ms)[0m  [1m            SELECT sql
            FROM sqlite_master
            WHERE name='index_admin_users_on_email' AND type='index'
            UNION ALL
            SELECT sql
            FROM sqlite_temp_master
            WHERE name='index_admin_users_on_email' AND type='index'
[0m
  [1m[35m (0.2ms)[0m              SELECT sql
            FROM sqlite_master
            WHERE name='index_categories_posts_on_category_id_and_post_id' AND type='index'
            UNION ALL
            SELECT sql
            FROM sqlite_temp_master
            WHERE name='index_categories_posts_on_category_id_and_post_id' AND type='index'



Started GET "/admin/posts/2/edit" for 127.0.0.1 at 2015-10-05 19:28:50 +0600
  [1m[35mActiveRecord::SchemaMigration Load (0.1ms)[0m  SELECT "schema_migrations".* FROM "schema_migrations"
Processing by Admin::PostsController#edit as HTML
  Parameters: {"id"=>"2"}
  [1m[36mAdminUser Load (0.2ms)[0m  [1mSELECT  "admin_users".* FROM "admin_users" WHERE "admin_users"."id" = ?  ORDER BY "admin_users"."id" ASC LIMIT 1[0m  [["id", 1]]
  [1m[35mPost Load (0.2ms)[0m  SELECT  "posts".* FROM "posts" WHERE "posts"."id" = ? LIMIT 1  [["id", 2]]
  [1m[36mCACHE (0.0ms)[0m  [1mSELECT  "posts".* FROM "posts" WHERE "posts"."id" = ? LIMIT 1[0m  [["id", "2"]]
  [1m[35mCategory Load (0.1ms)[0m  SELECT "categories".* FROM "categories"
  [1m[36m (0.1ms)[0m  [1mSELECT "categories".id FROM "categories" INNER JOIN "categories_posts" ON "categories"."id" = "categories_posts"."category_id" WHERE "categories_posts"."post_id" = ?[0m  [["post_id", 2]]
  [1m[35mCACHE (0.0ms)[0m  SELECT "categories".id FROM "categories" INNER JOIN "categories_posts" ON "categories"."id" = "categories_posts"."category_id" WHERE "categories_posts"."post_id" = ?  [["post_id", 2]]
  Rendered /home/sadaf2605/.rvm/gems/ruby-2.2.3/gems/activeadmin-1.0.0.pre1/app/views/active_admin/resource/edit.html.arb (205.1ms)
Completed 500 Internal Server Error in 225ms (ActiveRecord: 1.8ms)

ActionView::Template::Error (undefined method `new_record?' for nil:NilClass):
    1: insert_tag renderer_for(:edit)
  app/admin/posts.rb:22:in `block (2 levels) in <top (required)>'


  Rendered /home/sadaf2605/.rvm/gems/ruby-2.2.3/gems/actionpack-4.2.4/lib/action_dispatch/middleware/templates/rescues/_source.erb (12.5ms)
  Rendered /home/sadaf2605/.rvm/gems/ruby-2.2.3/gems/actionpack-4.2.4/lib/action_dispatch/middleware/templates/rescues/_trace.html.erb (4.1ms)
  Rendered /home/sadaf2605/.rvm/gems/ruby-2.2.3/gems/actionpack-4.2.4/lib/action_dispatch/middleware/templates/rescues/_request_and_response.html.erb (0.9ms)
  Rendered /home/sadaf2605/.rvm/gems/ruby-2.2.3/gems/actionpack-4.2.4/lib/action_dispatch/middleware/templates/rescues/template_error.html.erb within rescues/layout (29.5ms)


Started GET "/admin/posts/2/edit" for 127.0.0.1 at 2015-10-05 19:29:44 +0600
Processing by Admin::PostsController#edit as HTML
  Parameters: {"id"=>"2"}
  [1m[36mAdminUser Load (0.3ms)[0m  [1mSELECT  "admin_users".* FROM "admin_users" WHERE "admin_users"."id" = ?  ORDER BY "admin_users"."id" ASC LIMIT 1[0m  [["id", 1]]
  [1m[35mPost Load (0.1ms)[0m  SELECT  "posts".* FROM "posts" WHERE "posts"."id" = ? LIMIT 1  [["id", 2]]
  [1m[36mCACHE (0.0ms)[0m  [1mSELECT  "posts".* FROM "posts" WHERE "posts"."id" = ? LIMIT 1[0m  [["id", "2"]]
  [1m[35mCategory Load (0.2ms)[0m  SELECT "categories".* FROM "categories"
  [1m[36m (0.2ms)[0m  [1mSELECT "categories".id FROM "categories" INNER JOIN "categories_posts" ON "categories"."id" = "categories_posts"."category_id" WHERE "categories_posts"."post_id" = ?[0m  [["post_id", 2]]
  [1m[35mCACHE (0.0ms)[0m  SELECT "categories".id FROM "categories" INNER JOIN "categories_posts" ON "categories"."id" = "categories_posts"."category_id" WHERE "categories_posts"."post_id" = ?  [["post_id", 2]]
  Rendered /home/sadaf2605/.rvm/gems/ruby-2.2.3/gems/activeadmin-1.0.0.pre1/app/views/active_admin/resource/edit.html.arb (192.6ms)
Completed 500 Internal Server Error in 214ms (ActiveRecord: 2.0ms)

ActionView::Template::Error (No association found for name `categories'. Has it been defined yet?):
    1: insert_tag renderer_for(:edit)
  app/models/tag.rb:3:in `<class:Tag>'
  app/models/tag.rb:1:in `<top (required)>'
  app/admin/posts.rb:22:in `block (2 levels) in <top (required)>'


  Rendered /home/sadaf2605/.rvm/gems/ruby-2.2.3/gems/actionpack-4.2.4/lib/action_dispatch/middleware/templates/rescues/_source.erb (11.8ms)
  Rendered /home/sadaf2605/.rvm/gems/ruby-2.2.3/gems/actionpack-4.2.4/lib/action_dispatch/middleware/templates/rescues/_trace.html.erb (4.2ms)
  Rendered /home/sadaf2605/.rvm/gems/ruby-2.2.3/gems/actionpack-4.2.4/lib/action_dispatch/middleware/templates/rescues/_request_and_response.html.erb (1.0ms)
  Rendered /home/sadaf2605/.rvm/gems/ruby-2.2.3/gems/actionpack-4.2.4/lib/action_dispatch/middleware/templates/rescues/template_error.html.erb within rescues/layout (29.3ms)
  [1m[36mActiveRecord::SchemaMigration Load (0.1ms)[0m  [1mSELECT "schema_migrations".* FROM "schema_migrations"[0m
  [1m[35mActiveRecord::SchemaMigration Load (0.1ms)[0m  SELECT "schema_migrations".* FROM "schema_migrations"
  [1m[36m (0.1ms)[0m  [1m            SELECT sql
            FROM sqlite_master
            WHERE name='index_active_admin_comments_on_resource_type_and_resource_id' AND type='index'
            UNION ALL
            SELECT sql
            FROM sqlite_temp_master
            WHERE name='index_active_admin_comments_on_resource_type_and_resource_id' AND type='index'
[0m
  [1m[35m (0.1ms)[0m              SELECT sql
            FROM sqlite_master
            WHERE name='index_active_admin_comments_on_author_type_and_author_id' AND type='index'
            UNION ALL
            SELECT sql
            FROM sqlite_temp_master
            WHERE name='index_active_admin_comments_on_author_type_and_author_id' AND type='index'

  [1m[36m (0.1ms)[0m  [1m            SELECT sql
            FROM sqlite_master
            WHERE name='index_active_admin_comments_on_namespace' AND type='index'
            UNION ALL
            SELECT sql
            FROM sqlite_temp_master
            WHERE name='index_active_admin_comments_on_namespace' AND type='index'
[0m
  [1m[35m (0.1ms)[0m              SELECT sql
            FROM sqlite_master
            WHERE name='index_admin_users_on_reset_password_token' AND type='index'
            UNION ALL
            SELECT sql
            FROM sqlite_temp_master
            WHERE name='index_admin_users_on_reset_password_token' AND type='index'

  [1m[36m (0.1ms)[0m  [1m            SELECT sql
            FROM sqlite_master
            WHERE name='index_admin_users_on_email' AND type='index'
            UNION ALL
            SELECT sql
            FROM sqlite_temp_master
            WHERE name='index_admin_users_on_email' AND type='index'
[0m
  [1m[35m (0.1ms)[0m              SELECT sql
            FROM sqlite_master
            WHERE name='index_categories_posts_on_category_id_and_post_id' AND type='index'
            UNION ALL
            SELECT sql
            FROM sqlite_temp_master
            WHERE name='index_categories_posts_on_category_id_and_post_id' AND type='index'



Started GET "/admin/posts/2/edit" for 127.0.0.1 at 2015-10-05 19:30:27 +0600
Processing by Admin::PostsController#edit as HTML
  Parameters: {"id"=>"2"}
  [1m[36mAdminUser Load (0.2ms)[0m  [1mSELECT  "admin_users".* FROM "admin_users" WHERE "admin_users"."id" = ?  ORDER BY "admin_users"."id" ASC LIMIT 1[0m  [["id", 1]]
  [1m[35mPost Load (0.1ms)[0m  SELECT  "posts".* FROM "posts" WHERE "posts"."id" = ? LIMIT 1  [["id", 2]]
  [1m[36mCACHE (0.0ms)[0m  [1mSELECT  "posts".* FROM "posts" WHERE "posts"."id" = ? LIMIT 1[0m  [["id", "2"]]
  [1m[35mCategory Load (0.1ms)[0m  SELECT "categories".* FROM "categories"
  [1m[36m (0.2ms)[0m  [1mSELECT "categories".id FROM "categories" INNER JOIN "categories_posts" ON "categories"."id" = "categories_posts"."category_id" WHERE "categories_posts"."post_id" = ?[0m  [["post_id", 2]]
  [1m[35mCACHE (0.0ms)[0m  SELECT "categories".id FROM "categories" INNER JOIN "categories_posts" ON "categories"."id" = "categories_posts"."category_id" WHERE "categories_posts"."post_id" = ?  [["post_id", 2]]
  [1m[36mTag Load (0.3ms)[0m  [1mSELECT "tags".* FROM "tags" WHERE "tags"."post_id" = ?[0m  [[nil, 2]]
SQLite3::SQLException: no such column: tags.post_id: SELECT "tags".* FROM "tags" WHERE "tags"."post_id" = ?
  Rendered /home/sadaf2605/.rvm/gems/ruby-2.2.3/gems/activeadmin-1.0.0.pre1/app/views/active_admin/resource/edit.html.arb (200.8ms)
Completed 500 Internal Server Error in 221ms (ActiveRecord: 2.3ms)

ActionView::Template::Error (SQLite3::SQLException: no such column: tags.post_id: SELECT "tags".* FROM "tags" WHERE "tags"."post_id" = ?):
    1: insert_tag renderer_for(:edit)
  app/admin/posts.rb:22:in `block (2 levels) in <top (required)>'


  Rendered /home/sadaf2605/.rvm/gems/ruby-2.2.3/gems/actionpack-4.2.4/lib/action_dispatch/middleware/templates/rescues/_source.erb (12.5ms)
  Rendered /home/sadaf2605/.rvm/gems/ruby-2.2.3/gems/actionpack-4.2.4/lib/action_dispatch/middleware/templates/rescues/_trace.html.erb (4.4ms)
  Rendered /home/sadaf2605/.rvm/gems/ruby-2.2.3/gems/actionpack-4.2.4/lib/action_dispatch/middleware/templates/rescues/_request_and_response.html.erb (1.0ms)
  Rendered /home/sadaf2605/.rvm/gems/ruby-2.2.3/gems/actionpack-4.2.4/lib/action_dispatch/middleware/templates/rescues/template_error.html.erb within rescues/layout (30.4ms)
  [1m[36mActiveRecord::SchemaMigration Load (0.1ms)[0m  [1mSELECT "schema_migrations".* FROM "schema_migrations"[0m
Migrating to CreatePostsTags (20151005133318)
  [1m[35m (0.1ms)[0m  begin transaction
  [1m[36m (0.3ms)[0m  [1mCREATE TABLE "posts_tags" ("id" INTEGER PRIMARY KEY AUTOINCREMENT NOT NULL, "post_id" integer, "tag_id" integer) [0m
  [1m[35mSQL (0.2ms)[0m  INSERT INTO "schema_migrations" ("version") VALUES (?)  [["version", "20151005133318"]]
  [1m[36m (132.6ms)[0m  [1mcommit transaction[0m
  [1m[35mActiveRecord::SchemaMigration Load (0.1ms)[0m  SELECT "schema_migrations".* FROM "schema_migrations"
  [1m[36m (0.4ms)[0m  [1m            SELECT sql
            FROM sqlite_master
            WHERE name='index_active_admin_comments_on_resource_type_and_resource_id' AND type='index'
            UNION ALL
            SELECT sql
            FROM sqlite_temp_master
            WHERE name='index_active_admin_comments_on_resource_type_and_resource_id' AND type='index'
[0m
  [1m[35m (0.4ms)[0m              SELECT sql
            FROM sqlite_master
            WHERE name='index_active_admin_comments_on_author_type_and_author_id' AND type='index'
            UNION ALL
            SELECT sql
            FROM sqlite_temp_master
            WHERE name='index_active_admin_comments_on_author_type_and_author_id' AND type='index'

  [1m[36m (0.3ms)[0m  [1m            SELECT sql
            FROM sqlite_master
            WHERE name='index_active_admin_comments_on_namespace' AND type='index'
            UNION ALL
            SELECT sql
            FROM sqlite_temp_master
            WHERE name='index_active_admin_comments_on_namespace' AND type='index'
[0m
  [1m[35m (0.2ms)[0m              SELECT sql
            FROM sqlite_master
            WHERE name='index_admin_users_on_reset_password_token' AND type='index'
            UNION ALL
            SELECT sql
            FROM sqlite_temp_master
            WHERE name='index_admin_users_on_reset_password_token' AND type='index'

  [1m[36m (0.2ms)[0m  [1m            SELECT sql
            FROM sqlite_master
            WHERE name='index_admin_users_on_email' AND type='index'
            UNION ALL
            SELECT sql
            FROM sqlite_temp_master
            WHERE name='index_admin_users_on_email' AND type='index'
[0m
  [1m[35m (0.2ms)[0m              SELECT sql
            FROM sqlite_master
            WHERE name='index_categories_posts_on_category_id_and_post_id' AND type='index'
            UNION ALL
            SELECT sql
            FROM sqlite_temp_master
            WHERE name='index_categories_posts_on_category_id_and_post_id' AND type='index'



Started GET "/admin/posts/2/edit" for 127.0.0.1 at 2015-10-05 19:35:02 +0600
  [1m[35mActiveRecord::SchemaMigration Load (0.1ms)[0m  SELECT "schema_migrations".* FROM "schema_migrations"
Processing by Admin::PostsController#edit as HTML
  Parameters: {"id"=>"2"}
  [1m[36mAdminUser Load (0.3ms)[0m  [1mSELECT  "admin_users".* FROM "admin_users" WHERE "admin_users"."id" = ?  ORDER BY "admin_users"."id" ASC LIMIT 1[0m  [["id", 1]]
  [1m[35mPost Load (0.1ms)[0m  SELECT  "posts".* FROM "posts" WHERE "posts"."id" = ? LIMIT 1  [["id", 2]]
  [1m[36mCACHE (0.0ms)[0m  [1mSELECT  "posts".* FROM "posts" WHERE "posts"."id" = ? LIMIT 1[0m  [["id", "2"]]
  [1m[35mCategory Load (0.2ms)[0m  SELECT "categories".* FROM "categories"
  [1m[36m (0.1ms)[0m  [1mSELECT "categories".id FROM "categories" INNER JOIN "categories_posts" ON "categories"."id" = "categories_posts"."category_id" WHERE "categories_posts"."post_id" = ?[0m  [["post_id", 2]]
  [1m[35mCACHE (0.0ms)[0m  SELECT "categories".id FROM "categories" INNER JOIN "categories_posts" ON "categories"."id" = "categories_posts"."category_id" WHERE "categories_posts"."post_id" = ?  [["post_id", 2]]
  [1m[36mTag Load (0.1ms)[0m  [1mSELECT "tags".* FROM "tags" INNER JOIN "posts_tags" ON "tags"."id" = "posts_tags"."tag_id" WHERE "posts_tags"."post_id" = ?[0m  [["post_id", 2]]
  Rendered /home/sadaf2605/.rvm/gems/ruby-2.2.3/gems/activeadmin-1.0.0.pre1/app/views/active_admin/resource/edit.html.arb (213.4ms)
Completed 200 OK in 235ms (Views: 214.7ms | ActiveRecord: 2.1ms)


Started GET "/" for 127.0.0.1 at 2015-10-21 14:07:45 +0600
  [1m[36mActiveRecord::SchemaMigration Load (0.2ms)[0m  [1mSELECT "schema_migrations".* FROM "schema_migrations"[0m
Processing by Rails::WelcomeController#index as HTML
  Rendered /home/sadaf2605/.rvm/gems/ruby-2.2.3/gems/railties-4.2.4/lib/rails/templates/rails/welcome/index.html.erb (2.7ms)
Completed 200 OK in 57ms (Views: 56.8ms | ActiveRecord: 0.0ms)


Started GET "/admin" for 127.0.0.1 at 2015-10-21 14:07:49 +0600
Processing by Admin::DashboardController#index as HTML
Completed 401 Unauthorized in 34ms (ActiveRecord: 0.0ms)


Started GET "/admin/login" for 127.0.0.1 at 2015-10-21 14:07:49 +0600
Processing by ActiveAdmin::Devise::SessionsController#new as HTML
  Rendered /home/sadaf2605/.rvm/gems/ruby-2.2.3/gems/activeadmin-1.0.0.pre1/app/views/active_admin/devise/shared/_links.erb (2.6ms)
  Rendered /home/sadaf2605/.rvm/gems/ruby-2.2.3/gems/activeadmin-1.0.0.pre1/app/views/active_admin/devise/sessions/new.html.erb within layouts/active_admin_logged_out (112.9ms)
Completed 200 OK in 1038ms (Views: 952.3ms | ActiveRecord: 1.0ms)


Started POST "/admin/login" for 127.0.0.1 at 2015-10-21 14:07:54 +0600
Processing by ActiveAdmin::Devise::SessionsController#create as HTML
  Parameters: {"utf8"=>"✓", "authenticity_token"=>"taacHXETYMWW9IBT6Bd9G6d3xtrwrdV37ydcRTegYM9Gdrdw62PNn1JYa13c59ipUvZyNgDk7brrvOfcsX7POA==", "admin_user"=>{"email"=>"admin@example.com", "password"=>"[FILTERED]", "remember_me"=>"0"}, "commit"=>"Login"}
  [1m[35mAdminUser Load (0.3ms)[0m  SELECT  "admin_users".* FROM "admin_users" WHERE "admin_users"."email" = ?  ORDER BY "admin_users"."id" ASC LIMIT 1  [["email", "admin@example.com"]]
  [1m[36m (0.1ms)[0m  [1mbegin transaction[0m
  [1m[35mSQL (0.4ms)[0m  UPDATE "admin_users" SET "current_sign_in_at" = ?, "sign_in_count" = ?, "updated_at" = ? WHERE "admin_users"."id" = ?  [["current_sign_in_at", "2015-10-21 08:07:54.997429"], ["sign_in_count", 2], ["updated_at", "2015-10-21 08:07:54.998862"], ["id", 1]]
  [1m[36m (135.0ms)[0m  [1mcommit transaction[0m
Redirected to http://127.0.0.1:3000/admin
Completed 302 Found in 543ms (ActiveRecord: 135.8ms)


Started GET "/admin" for 127.0.0.1 at 2015-10-21 14:07:55 +0600
Processing by Admin::DashboardController#index as HTML
  [1m[35mAdminUser Load (0.4ms)[0m  SELECT  "admin_users".* FROM "admin_users" WHERE "admin_users"."id" = ?  ORDER BY "admin_users"."id" ASC LIMIT 1  [["id", 1]]
  Rendered /home/sadaf2605/.rvm/gems/ruby-2.2.3/gems/activeadmin-1.0.0.pre1/app/views/active_admin/page/index.html.arb (296.3ms)
Completed 200 OK in 330ms (Views: 314.7ms | ActiveRecord: 0.4ms)


Started GET "/admin/posts" for 127.0.0.1 at 2015-10-21 14:07:59 +0600
Processing by Admin::PostsController#index as HTML
  [1m[36mAdminUser Load (0.2ms)[0m  [1mSELECT  "admin_users".* FROM "admin_users" WHERE "admin_users"."id" = ?  ORDER BY "admin_users"."id" ASC LIMIT 1[0m  [["id", 1]]
  [1m[35m (0.2ms)[0m  SELECT COUNT(count_column) FROM (SELECT  1 AS count_column FROM "posts" LIMIT 30 OFFSET 0) subquery_for_count
  [1m[36mCACHE (0.0ms)[0m  [1mSELECT COUNT(count_column) FROM (SELECT  1 AS count_column FROM "posts" LIMIT 30 OFFSET 0) subquery_for_count[0m
  [1m[35m (0.1ms)[0m  SELECT COUNT(*) FROM "posts"
  [1m[36mCACHE (0.0ms)[0m  [1mSELECT COUNT(count_column) FROM (SELECT  1 AS count_column FROM "posts" LIMIT 30 OFFSET 0) subquery_for_count[0m
  [1m[35mPost Load (0.2ms)[0m  SELECT  "posts".* FROM "posts"  ORDER BY "posts"."id" desc LIMIT 30 OFFSET 0
  [1m[36mUser Load (0.2ms)[0m  [1mSELECT "users".* FROM "users"[0m
  [1m[35mCategory Load (0.2ms)[0m  SELECT "categories".* FROM "categories"
  [1m[36mTag Load (0.2ms)[0m  [1mSELECT "tags".* FROM "tags"[0m
  Rendered /home/sadaf2605/.rvm/gems/ruby-2.2.3/gems/activeadmin-1.0.0.pre1/app/views/active_admin/resource/index.html.arb (335.2ms)
Completed 200 OK in 350ms (Views: 338.1ms | ActiveRecord: 2.3ms)


Started GET "/assets/active_admin/orderable-29374dbb55b0012d78a37c614d573bb3474f0779849b478a147d0f1845ca6617.png" for 127.0.0.1 at 2015-10-21 14:08:00 +0600


Started GET "/assets/active_admin/datepicker/datepicker-input-icon-d9c2bb73769af777c8a71720d29741f3a499aebd5a043e9a119bd0d9597aed47.png" for 127.0.0.1 at 2015-10-21 14:08:00 +0600


Started GET "/admin/posts/new" for 127.0.0.1 at 2015-10-21 14:08:04 +0600
Processing by Admin::PostsController#new as HTML
  [1m[35mAdminUser Load (0.2ms)[0m  SELECT  "admin_users".* FROM "admin_users" WHERE "admin_users"."id" = ?  ORDER BY "admin_users"."id" ASC LIMIT 1  [["id", 1]]
  [1m[36mCategory Load (0.2ms)[0m  [1mSELECT "categories".* FROM "categories"[0m
  Rendered /home/sadaf2605/.rvm/gems/ruby-2.2.3/gems/activeadmin-1.0.0.pre1/app/views/active_admin/resource/new.html.arb (262.2ms)
Completed 200 OK in 288ms (Views: 283.8ms | ActiveRecord: 1.0ms)


Started GET "/admin/posts/new" for 127.0.0.1 at 2015-10-21 14:10:05 +0600
Processing by Admin::PostsController#new as HTML
  [1m[35mAdminUser Load (0.2ms)[0m  SELECT  "admin_users".* FROM "admin_users" WHERE "admin_users"."id" = ?  ORDER BY "admin_users"."id" ASC LIMIT 1  [["id", 1]]
  [1m[36mCategory Load (0.2ms)[0m  [1mSELECT "categories".* FROM "categories"[0m
  Rendered /home/sadaf2605/.rvm/gems/ruby-2.2.3/gems/activeadmin-1.0.0.pre1/app/views/active_admin/resource/new.html.arb (224.0ms)
Completed 500 Internal Server Error in 259ms (ActiveRecord: 1.9ms)

ActionView::Template::Error (undefined method `new_record?' for nil:NilClass):
    1: insert_tag renderer_for(:new)
  app/admin/posts.rb:22:in `block (2 levels) in <top (required)>'


  Rendered /home/sadaf2605/.rvm/gems/ruby-2.2.3/gems/actionpack-4.2.4/lib/action_dispatch/middleware/templates/rescues/_source.erb (11.8ms)
  Rendered /home/sadaf2605/.rvm/gems/ruby-2.2.3/gems/actionpack-4.2.4/lib/action_dispatch/middleware/templates/rescues/_trace.html.erb (4.0ms)
  Rendered /home/sadaf2605/.rvm/gems/ruby-2.2.3/gems/actionpack-4.2.4/lib/action_dispatch/middleware/templates/rescues/_request_and_response.html.erb (0.9ms)
  Rendered /home/sadaf2605/.rvm/gems/ruby-2.2.3/gems/actionpack-4.2.4/lib/action_dispatch/middleware/templates/rescues/template_error.html.erb within rescues/layout (31.0ms)
